# JRE version: Java(TM) SE Runtime Environment (8.0_321-b07) (build 1.8.0_321-b07)
# Java VM: Java HotSpot(TM) 64-Bit Server VM (25.321-b07 mixed mode windows-amd64 compressed oops)
Heap:
 PSYoungGen      total 117248K, used 59889K [0x000000076b900000, 0x0000000773980000, 0x00000007c0000000)
  eden space 106496K, 46% used [0x000000076b900000,0x000000076e8fdf50,0x0000000772100000)
  from space 10752K, 99% used [0x0000000772480000,0x0000000772efe6c0,0x0000000772f00000)
  to   space 10240K, 0% used [0x0000000772f80000,0x0000000772f80000,0x0000000773980000)
 ParOldGen       total 126464K, used 24008K [0x00000006c2a00000, 0x00000006ca580000, 0x000000076b900000)
  object space 126464K, 18% used [0x00000006c2a00000,0x00000006c41721a8,0x00000006ca580000)
 Metaspace       used 39924K, capacity 40690K, committed 40832K, reserved 1085440K
  class space    used 5002K, capacity 5206K, committed 5248K, reserved 1048576K
GC Heap History (10 events):
Event: 2.730 GC heap before
{Heap before GC invocations=3 (full 1):
 PSYoungGen      total 75776K, used 6147K [0x000000076b900000, 0x0000000774d00000, 0x00000007c0000000)
  eden space 65024K, 0% used [0x000000076b900000,0x000000076b900000,0x000000076f880000)
  from space 10752K, 57% used [0x0000000770300000,0x0000000770900d10,0x0000000770d80000)
  to   space 10752K, 0% used [0x000000076f880000,0x000000076f880000,0x0000000770300000)
 ParOldGen       total 173568K, used 96K [0x00000006c2a00000, 0x00000006cd380000, 0x000000076b900000)
  object space 173568K, 0% used [0x00000006c2a00000,0x00000006c2a18010,0x00000006cd380000)
 Metaspace       used 20746K, capacity 20994K, committed 21248K, reserved 1067008K
  class space    used 2594K, capacity 2702K, committed 2816K, reserved 1048576K
Event: 2.749 GC heap after
Heap after GC invocations=3 (full 1):
 PSYoungGen      total 75776K, used 0K [0x000000076b900000, 0x0000000774d00000, 0x00000007c0000000)
  eden space 65024K, 0% used [0x000000076b900000,0x000000076b900000,0x000000076f880000)
  from space 10752K, 0% used [0x0000000770300000,0x0000000770300000,0x0000000770d80000)
  to   space 10752K, 0% used [0x000000076f880000,0x000000076f880000,0x0000000770300000)
 ParOldGen       total 86528K, used 5851K [0x00000006c2a00000, 0x00000006c7e80000, 0x000000076b900000)
  object space 86528K, 6% used [0x00000006c2a00000,0x00000006c2fb6e20,0x00000006c7e80000)
 Metaspace       used 20746K, capacity 20994K, committed 21248K, reserved 1067008K
  class space    used 2594K, capacity 2702K, committed 2816K, reserved 1048576K
}
Event: 8.621 GC heap before
{Heap before GC invocations=4 (full 1):
 PSYoungGen      total 75776K, used 65024K [0x000000076b900000, 0x0000000774d00000, 0x00000007c0000000)
  eden space 65024K, 100% used [0x000000076b900000,0x000000076f880000,0x000000076f880000)
  from space 10752K, 0% used [0x0000000770300000,0x0000000770300000,0x0000000770d80000)
  to   space 10752K, 0% used [0x000000076f880000,0x000000076f880000,0x0000000770300000)
 ParOldGen       total 86528K, used 5851K [0x00000006c2a00000, 0x00000006c7e80000, 0x000000076b900000)
  object space 86528K, 6% used [0x00000006c2a00000,0x00000006c2fb6e20,0x00000006c7e80000)
 Metaspace       used 31786K, capacity 32182K, committed 32640K, reserved 1077248K
  class space    used 3997K, capacity 4138K, committed 4224K, reserved 1048576K
Event: 8.626 GC heap after
Heap after GC invocations=4 (full 1):
 PSYoungGen      total 75776K, used 10724K [0x000000076b900000, 0x0000000773a00000, 0x00000007c0000000)
  eden space 65024K, 0% used [0x000000076b900000,0x000000076b900000,0x000000076f880000)
  from space 10752K, 99% used [0x000000076f880000,0x00000007702f9118,0x0000000770300000)
  to   space 10752K, 0% used [0x0000000772f80000,0x0000000772f80000,0x0000000773a00000)
 ParOldGen       total 86528K, used 13960K [0x00000006c2a00000, 0x00000006c7e80000, 0x000000076b900000)
  object space 86528K, 16% used [0x00000006c2a00000,0x00000006c37a2290,0x00000006c7e80000)
 Metaspace       used 31786K, capacity 32182K, committed 32640K, reserved 1077248K
  class space    used 3997K, capacity 4138K, committed 4224K, reserved 1048576K
}
Event: 13.668 GC heap before
{Heap before GC invocations=5 (full 1):
 PSYoungGen      total 75776K, used 36900K [0x000000076b900000, 0x0000000773a00000, 0x00000007c0000000)
  eden space 65024K, 40% used [0x000000076b900000,0x000000076d290160,0x000000076f880000)
  from space 10752K, 99% used [0x000000076f880000,0x00000007702f9118,0x0000000770300000)
  to   space 10752K, 0% used [0x0000000772f80000,0x0000000772f80000,0x0000000773a00000)
 ParOldGen       total 86528K, used 13960K [0x00000006c2a00000, 0x00000006c7e80000, 0x000000076b900000)
  object space 86528K, 16% used [0x00000006c2a00000,0x00000006c37a2290,0x00000006c7e80000)
 Metaspace       used 34718K, capacity 35220K, committed 35416K, reserved 1081344K
  class space    used 4412K, capacity 4551K, committed 4608K, reserved 1048576K
Event: 13.672 GC heap after
Heap after GC invocations=5 (full 1):
 PSYoungGen      total 116736K, used 9983K [0x000000076b900000, 0x0000000773980000, 0x00000007c0000000)
  eden space 106496K, 0% used [0x000000076b900000,0x000000076b900000,0x0000000772100000)
  from space 10240K, 97% used [0x0000000772f80000,0x000000077393fe98,0x0000000773980000)
  to   space 10752K, 0% used [0x0000000772480000,0x0000000772480000,0x0000000772f00000)
 ParOldGen       total 86528K, used 20112K [0x00000006c2a00000, 0x00000006c7e80000, 0x000000076b900000)
  object space 86528K, 23% used [0x00000006c2a00000,0x00000006c3da42b0,0x00000006c7e80000)
 Metaspace       used 34718K, capacity 35220K, committed 35416K, reserved 1081344K
  class space    used 4412K, capacity 4551K, committed 4608K, reserved 1048576K
}
Event: 13.672 GC heap before
{Heap before GC invocations=6 (full 2):
 PSYoungGen      total 116736K, used 9983K [0x000000076b900000, 0x0000000773980000, 0x00000007c0000000)
  eden space 106496K, 0% used [0x000000076b900000,0x000000076b900000,0x0000000772100000)
  from space 10240K, 97% used [0x0000000772f80000,0x000000077393fe98,0x0000000773980000)
  to   space 10752K, 0% used [0x0000000772480000,0x0000000772480000,0x0000000772f00000)
 ParOldGen       total 86528K, used 20112K [0x00000006c2a00000, 0x00000006c7e80000, 0x000000076b900000)
  object space 86528K, 23% used [0x00000006c2a00000,0x00000006c3da42b0,0x00000006c7e80000)
 Metaspace       used 34718K, capacity 35220K, committed 35416K, reserved 1081344K
  class space    used 4412K, capacity 4551K, committed 4608K, reserved 1048576K
Event: 13.689 GC heap after
Heap after GC invocations=6 (full 2):
 PSYoungGen      total 116736K, used 0K [0x000000076b900000, 0x0000000773980000, 0x00000007c0000000)
  eden space 106496K, 0% used [0x000000076b900000,0x000000076b900000,0x0000000772100000)
  from space 10240K, 0% used [0x0000000772f80000,0x0000000772f80000,0x0000000773980000)
  to   space 10752K, 0% used [0x0000000772480000,0x0000000772480000,0x0000000772f00000)
 ParOldGen       total 126464K, used 14807K [0x00000006c2a00000, 0x00000006ca580000, 0x000000076b900000)
  object space 126464K, 11% used [0x00000006c2a00000,0x00000006c3875f80,0x00000006ca580000)
 Metaspace       used 34718K, capacity 35220K, committed 35416K, reserved 1081344K
  class space    used 4412K, capacity 4551K, committed 4608K, reserved 1048576K
}
Event: 178.173 GC heap before
{Heap before GC invocations=7 (full 2):
 PSYoungGen      total 116736K, used 106496K [0x000000076b900000, 0x0000000773980000, 0x00000007c0000000)
  eden space 106496K, 100% used [0x000000076b900000,0x0000000772100000,0x0000000772100000)
  from space 10240K, 0% used [0x0000000772f80000,0x0000000772f80000,0x0000000773980000)
  to   space 10752K, 0% used [0x0000000772480000,0x0000000772480000,0x0000000772f00000)
 ParOldGen       total 126464K, used 14807K [0x00000006c2a00000, 0x00000006ca580000, 0x000000076b900000)
  object space 126464K, 11% used [0x00000006c2a00000,0x00000006c3875f80,0x00000006ca580000)
 Metaspace       used 39730K, capacity 40498K, committed 40576K, reserved 1085440K
  class space    used 5002K, capacity 5206K, committed 5248K, reserved 1048576K
Event: 178.178 GC heap after
Heap after GC invocations=7 (full 2):
 PSYoungGen      total 117248K, used 10745K [0x000000076b900000, 0x0000000773980000, 0x00000007c0000000)
  eden space 106496K, 0% used [0x000000076b900000,0x000000076b900000,0x0000000772100000)
  from space 10752K, 99% used [0x0000000772480000,0x0000000772efe6c0,0x0000000772f00000)
  to   space 10240K, 0% used [0x0000000772f80000,0x0000000772f80000,0x0000000773980000)
 ParOldGen       total 126464K, used 24008K [0x00000006c2a00000, 0x00000006ca580000, 0x000000076b900000)
  object space 126464K, 18% used [0x00000006c2a00000,0x00000006c41721a8,0x00000006ca580000)
 Metaspace       used 39730K, capacity 40498K, committed 40576K, reserved 1085440K
  class space    used 5002K, capacity 5206K, committed 5248K, reserved 1048576K
}

